0 info it worked if it ends with ok
1 verbose cli [ '/usr/bin/node', '/usr/bin/npm', 'run', 'devstart' ]
2 info using npm@3.5.2
3 info using node@v8.10.0
4 verbose run-script [ 'predevstart', 'devstart', 'postdevstart' ]
5 info lifecycle v2backend@0.0.0~predevstart: v2backend@0.0.0
6 silly lifecycle v2backend@0.0.0~predevstart: no script for predevstart, continuing
7 info lifecycle v2backend@0.0.0~devstart: v2backend@0.0.0
8 verbose lifecycle v2backend@0.0.0~devstart: unsafe-perm in lifecycle true
9 verbose lifecycle v2backend@0.0.0~devstart: PATH: /usr/share/npm/bin/node-gyp-bin:/home/ogruiz/v_2/v2backend/node_modules/.bin:/usr/local/sbin:/usr/local/bin:/usr/sbin:/usr/bin:/sbin:/bin:/snap/bin
10 verbose lifecycle v2backend@0.0.0~devstart: CWD: /home/ogruiz/v_2/v2backend
11 silly lifecycle v2backend@0.0.0~devstart: Args: [ '-c', 'nodemon ./bin/www' ]
12 info lifecycle v2backend@0.0.0~devstart: Failed to exec devstart script
13 verbose stack Error: v2backend@0.0.0 devstart: `nodemon ./bin/www`
13 verbose stack spawn ENOENT
13 verbose stack     at ChildProcess.<anonymous> (/usr/share/npm/lib/utils/spawn.js:17:16)
13 verbose stack     at emitTwo (events.js:126:13)
13 verbose stack     at ChildProcess.emit (events.js:214:7)
13 verbose stack     at maybeClose (internal/child_process.js:925:16)
13 verbose stack     at Process.ChildProcess._handle.onexit (internal/child_process.js:209:5)
14 verbose pkgid v2backend@0.0.0
15 verbose cwd /home/ogruiz/v_2/v2backend
16 error Linux 4.18.0-18-generic
17 error argv "/usr/bin/node" "/usr/bin/npm" "run" "devstart"
18 error node v8.10.0
19 error npm  v3.5.2
20 error file sh
21 error code ELIFECYCLE
22 error errno ENOENT
23 error syscall spawn
24 error v2backend@0.0.0 devstart: `nodemon ./bin/www`
24 error spawn ENOENT
25 error Failed at the v2backend@0.0.0 devstart script 'nodemon ./bin/www'.
25 error Make sure you have the latest version of node.js and npm installed.
25 error If you do, this is most likely a problem with the v2backend package,
25 error not with npm itself.
25 error Tell the author that this fails on your system:
25 error     nodemon ./bin/www
25 error You can get information on how to open an issue for this project with:
25 error     npm bugs v2backend
25 error Or if that isn't available, you can get their info via:
25 error     npm owner ls v2backend
25 error There is likely additional logging output above.
26 verbose exit [ 1, true ]
